<?xml version="1.0" encoding="UTF-8"?>
<testng-results ignored="0" total="1" passed="1" failed="0" skipped="0">
  <reporter-output>
  </reporter-output>
  <suite started-at="2022-01-25T01:01:41 IST" name="Default suite" finished-at="2022-01-25T01:01:41 IST" duration-ms="75">
    <groups>
    </groups>
    <test started-at="2022-01-25T01:01:41 IST" name="Default test" finished-at="2022-01-25T01:01:41 IST" duration-ms="75">
      <class name="demoGit.demoGit1">
        <test-method signature="demoGit()[pri:0, instance:demoGit.demoGit1@4e91d63f]" started-at="2022-01-25T01:01:41 IST" name="demoGit" finished-at="2022-01-25T01:01:41 IST" duration-ms="13" status="PASS">
          <reporter-output>
          </reporter-output>
        </test-method> <!-- demoGit -->
      </class> <!-- demoGit.demoGit1 -->
    </test> <!-- Default test -->
  </suite> <!-- Default suite -->
</testng-results>
